2018-03-31 22:10:12.979 (0x7ffcf3cf4ed0) Warning: Invalid Context= "Panel" line for icon theme:  "/usr/share/icons/Numix-Circle-Light/16/panel/"
2018-03-31 22:10:12.981 (0x7ffcf3cf4ed0) Warning: Invalid Context= "Panel" line for icon theme:  "/usr/share/icons/Numix-Circle-Light/16@2x/panel/"
2018-03-31 22:10:12.981 (0x7ffcf3cf4ed0) Warning: Invalid Context= "Panel" line for icon theme:  "/usr/share/icons/Numix-Circle-Light/22/panel/"
2018-03-31 22:10:12.981 (0x7ffcf3cf4ed0) Warning: Invalid Context= "Panel" line for icon theme:  "/usr/share/icons/Numix-Circle-Light/22@2x/panel/"
2018-03-31 22:10:12.981 (0x7ffcf3cf4ed0) Warning: Invalid Context= "Panel" line for icon theme:  "/usr/share/icons/Numix-Circle-Light/24/panel/"
2018-03-31 22:10:12.981 (0x7ffcf3cf4ed0) Warning: Invalid Context= "Panel" line for icon theme:  "/usr/share/icons/Numix-Circle-Light/24@2x/panel/"
2018-03-31 22:10:12.982 (0x7ffcf3cf4ed0) Warning: Invalid Context= "Panel" line for icon theme:  "/usr/share/icons/Numix-Light/16/panel/"
2018-03-31 22:10:12.982 (0x7ffcf3cf4ed0) Warning: Invalid Context= "Panel" line for icon theme:  "/usr/share/icons/Numix-Light/22/panel/"
2018-03-31 22:10:12.982 (0x7ffcf3cf4ed0) Warning: Invalid Context= "Panel" line for icon theme:  "/usr/share/icons/Numix-Light/24/panel/"
2018-03-31 22:10:12.983 (0x7ffcf3cf4ed0) Warning: Invalid Context= "Panel" line for icon theme:  "/usr/share/icons/Numix/16/panel/"
2018-03-31 22:10:12.983 (0x7ffcf3cf4ed0) Warning: Invalid Context= "Panel" line for icon theme:  "/usr/share/icons/Numix/22/panel/"
2018-03-31 22:10:12.983 (0x7ffcf3cf4ed0) Warning: Invalid Context= "Panel" line for icon theme:  "/usr/share/icons/Numix/24/panel/"
2018-03-31 22:10:12.983 (0x7ffcf3cf4ed0) Warning: Invalid Context= "Notifications" line for icon theme:  "/usr/share/icons/Numix/48/notifications/"
2018-03-31 22:10:12.993 (0x7ffcf3cf4ed0) Warning: QFSFileEngine::open: No file name specified
2018-03-31 22:10:12.993 (0x7ffcf3cf4ed0) Warning: QFSFileEngine::open: No file name specified
2018-03-31 22:10:12.993 (0x7ffcf3cf4ed0) Warning: QFSFileEngine::open: No file name specified
2018-03-31 22:10:12.993 (0x7ffcf3cf4ed0) Warning: QFSFileEngine::open: No file name specified
2018-03-31 22:10:12.993 (0x7ffcf3cf4ed0) Warning: QFSFileEngine::open: No file name specified
2018-03-31 22:10:12.993 (0x7ffcf3cf4ed0) Warning: QFSFileEngine::open: No file name specified
2018-03-31 22:10:12.994 (0x7ffcf3cf4ed0) Warning: QFSFileEngine::open: No file name specified
2018-03-31 22:10:12.994 (0x7ffcf3cf4ed0) Warning: QFSFileEngine::open: No file name specified
2018-03-31 22:10:13.252 (0x7ffcf3cf4ed0) Warning: link SVGCleanerId_0 hasn't been detected!
2018-03-31 22:10:13.252 (0x7ffcf3cf4ed0) Warning: link SVGCleanerId_0 hasn't been detected!
2018-03-31 22:10:13.252 (0x7ffcf3cf4ed0) Warning: link SVGCleanerId_0 hasn't been detected!
2018-03-31 22:10:13.264 (0x7ffcf3cf4ed0) Warning: link SVGCleanerId_0 hasn't been detected!
2018-03-31 22:10:13.264 (0x7ffcf3cf4ed0) Warning: link SVGCleanerId_0 hasn't been detected!
2018-03-31 22:10:13.265 (0x7ffcf3cf4ed0) Warning: link SVGCleanerId_0 hasn't been detected!
2018-03-31 22:10:13.265 (0x7ffcf3cf4ed0) Warning: link SVGCleanerId_0 hasn't been detected!
2018-03-31 22:10:13.265 (0x7ffcf3cf4ed0) Warning: link SVGCleanerId_0 hasn't been detected!
2018-03-31 22:10:13.266 (0x7ffcf3cf4ed0) Warning: link SVGCleanerId_0 hasn't been detected!
2018-03-31 22:10:15.146 (0x7fff28fe4db0) Warning: Invalid Context= "Panel" line for icon theme:  "/usr/share/icons/Numix-Circle-Light/16/panel/"
2018-03-31 22:10:15.146 (0x7fff28fe4db0) Warning: Invalid Context= "Panel" line for icon theme:  "/usr/share/icons/Numix-Circle-Light/16@2x/panel/"
2018-03-31 22:10:15.146 (0x7fff28fe4db0) Warning: Invalid Context= "Panel" line for icon theme:  "/usr/share/icons/Numix-Circle-Light/22/panel/"
2018-03-31 22:10:15.146 (0x7fff28fe4db0) Warning: Invalid Context= "Panel" line for icon theme:  "/usr/share/icons/Numix-Circle-Light/22@2x/panel/"
2018-03-31 22:10:15.146 (0x7fff28fe4db0) Warning: Invalid Context= "Panel" line for icon theme:  "/usr/share/icons/Numix-Circle-Light/24/panel/"
2018-03-31 22:10:15.146 (0x7fff28fe4db0) Warning: Invalid Context= "Panel" line for icon theme:  "/usr/share/icons/Numix-Circle-Light/24@2x/panel/"
2018-03-31 22:10:15.147 (0x7fff28fe4db0) Warning: Invalid Context= "Panel" line for icon theme:  "/usr/share/icons/Numix-Light/16/panel/"
2018-03-31 22:10:15.147 (0x7fff28fe4db0) Warning: Invalid Context= "Panel" line for icon theme:  "/usr/share/icons/Numix-Light/22/panel/"
2018-03-31 22:10:15.147 (0x7fff28fe4db0) Warning: Invalid Context= "Panel" line for icon theme:  "/usr/share/icons/Numix-Light/24/panel/"
2018-03-31 22:10:15.147 (0x7fff28fe4db0) Warning: Invalid Context= "Panel" line for icon theme:  "/usr/share/icons/Numix/16/panel/"
2018-03-31 22:10:15.148 (0x7fff28fe4db0) Warning: Invalid Context= "Panel" line for icon theme:  "/usr/share/icons/Numix/22/panel/"
2018-03-31 22:10:15.148 (0x7fff28fe4db0) Warning: Invalid Context= "Panel" line for icon theme:  "/usr/share/icons/Numix/24/panel/"
2018-03-31 22:10:15.148 (0x7fff28fe4db0) Warning: Invalid Context= "Notifications" line for icon theme:  "/usr/share/icons/Numix/48/notifications/"
2018-03-31 22:11:09.509 (0x7fff39e720e0) Warning: Invalid Context= "Panel" line for icon theme:  "/usr/share/icons/Numix-Circle-Light/16/panel/"
2018-03-31 22:11:09.509 (0x7fff39e720e0) Warning: Invalid Context= "Panel" line for icon theme:  "/usr/share/icons/Numix-Circle-Light/16@2x/panel/"
2018-03-31 22:11:09.509 (0x7fff39e720e0) Warning: Invalid Context= "Panel" line for icon theme:  "/usr/share/icons/Numix-Circle-Light/22/panel/"
2018-03-31 22:11:09.509 (0x7fff39e720e0) Warning: Invalid Context= "Panel" line for icon theme:  "/usr/share/icons/Numix-Circle-Light/22@2x/panel/"
2018-03-31 22:11:09.509 (0x7fff39e720e0) Warning: Invalid Context= "Panel" line for icon theme:  "/usr/share/icons/Numix-Circle-Light/24/panel/"
2018-03-31 22:11:09.509 (0x7fff39e720e0) Warning: Invalid Context= "Panel" line for icon theme:  "/usr/share/icons/Numix-Circle-Light/24@2x/panel/"
2018-03-31 22:11:09.509 (0x7fff39e720e0) Warning: Invalid Context= "Panel" line for icon theme:  "/usr/share/icons/Numix-Light/16/panel/"
2018-03-31 22:11:09.510 (0x7fff39e720e0) Warning: Invalid Context= "Panel" line for icon theme:  "/usr/share/icons/Numix-Light/22/panel/"
2018-03-31 22:11:09.510 (0x7fff39e720e0) Warning: Invalid Context= "Panel" line for icon theme:  "/usr/share/icons/Numix-Light/24/panel/"
2018-03-31 22:11:09.511 (0x7fff39e720e0) Warning: Invalid Context= "Panel" line for icon theme:  "/usr/share/icons/Numix/16/panel/"
2018-03-31 22:11:09.511 (0x7fff39e720e0) Warning: Invalid Context= "Panel" line for icon theme:  "/usr/share/icons/Numix/22/panel/"
2018-03-31 22:11:09.511 (0x7fff39e720e0) Warning: Invalid Context= "Panel" line for icon theme:  "/usr/share/icons/Numix/24/panel/"
2018-03-31 22:11:09.511 (0x7fff39e720e0) Warning: Invalid Context= "Notifications" line for icon theme:  "/usr/share/icons/Numix/48/notifications/"
2018-03-31 22:11:09.523 (0x7fff39e720e0) Warning: QFSFileEngine::open: No file name specified
2018-03-31 22:11:09.523 (0x7fff39e720e0) Warning: QFSFileEngine::open: No file name specified
2018-03-31 22:11:09.523 (0x7fff39e720e0) Warning: QFSFileEngine::open: No file name specified
2018-03-31 22:11:09.523 (0x7fff39e720e0) Warning: QFSFileEngine::open: No file name specified
2018-03-31 22:11:09.523 (0x7fff39e720e0) Warning: QFSFileEngine::open: No file name specified
2018-03-31 22:11:09.523 (0x7fff39e720e0) Warning: QFSFileEngine::open: No file name specified
2018-03-31 22:11:09.523 (0x7fff39e720e0) Warning: QFSFileEngine::open: No file name specified
2018-03-31 22:11:09.523 (0x7fff39e720e0) Warning: QFSFileEngine::open: No file name specified
2018-03-31 22:11:09.740 (0x7fff39e720e0) Warning: link SVGCleanerId_0 hasn't been detected!
2018-03-31 22:11:09.740 (0x7fff39e720e0) Warning: link SVGCleanerId_0 hasn't been detected!
2018-03-31 22:11:09.740 (0x7fff39e720e0) Warning: link SVGCleanerId_0 hasn't been detected!
2018-03-31 22:11:09.754 (0x7fff39e720e0) Warning: link SVGCleanerId_0 hasn't been detected!
2018-03-31 22:11:09.754 (0x7fff39e720e0) Warning: link SVGCleanerId_0 hasn't been detected!
2018-03-31 22:11:09.755 (0x7fff39e720e0) Warning: link SVGCleanerId_0 hasn't been detected!
2018-03-31 22:11:09.756 (0x7fff39e720e0) Warning: link SVGCleanerId_0 hasn't been detected!
2018-03-31 22:11:09.756 (0x7fff39e720e0) Warning: link SVGCleanerId_0 hasn't been detected!
2018-03-31 22:11:09.756 (0x7fff39e720e0) Warning: link SVGCleanerId_0 hasn't been detected!
2018-03-31 22:11:11.101 (0x7ffef4596de0) Warning: Invalid Context= "Panel" line for icon theme:  "/usr/share/icons/Numix-Circle-Light/16/panel/"
2018-03-31 22:11:11.101 (0x7ffef4596de0) Warning: Invalid Context= "Panel" line for icon theme:  "/usr/share/icons/Numix-Circle-Light/16@2x/panel/"
2018-03-31 22:11:11.101 (0x7ffef4596de0) Warning: Invalid Context= "Panel" line for icon theme:  "/usr/share/icons/Numix-Circle-Light/22/panel/"
2018-03-31 22:11:11.101 (0x7ffef4596de0) Warning: Invalid Context= "Panel" line for icon theme:  "/usr/share/icons/Numix-Circle-Light/22@2x/panel/"
2018-03-31 22:11:11.101 (0x7ffef4596de0) Warning: Invalid Context= "Panel" line for icon theme:  "/usr/share/icons/Numix-Circle-Light/24/panel/"
2018-03-31 22:11:11.101 (0x7ffef4596de0) Warning: Invalid Context= "Panel" line for icon theme:  "/usr/share/icons/Numix-Circle-Light/24@2x/panel/"
2018-03-31 22:11:11.101 (0x7ffef4596de0) Warning: Invalid Context= "Panel" line for icon theme:  "/usr/share/icons/Numix-Light/16/panel/"
2018-03-31 22:11:11.101 (0x7ffef4596de0) Warning: Invalid Context= "Panel" line for icon theme:  "/usr/share/icons/Numix-Light/22/panel/"
2018-03-31 22:11:11.101 (0x7ffef4596de0) Warning: Invalid Context= "Panel" line for icon theme:  "/usr/share/icons/Numix-Light/24/panel/"
2018-03-31 22:11:11.102 (0x7ffef4596de0) Warning: Invalid Context= "Panel" line for icon theme:  "/usr/share/icons/Numix/16/panel/"
2018-03-31 22:11:11.102 (0x7ffef4596de0) Warning: Invalid Context= "Panel" line for icon theme:  "/usr/share/icons/Numix/22/panel/"
2018-03-31 22:11:11.102 (0x7ffef4596de0) Warning: Invalid Context= "Panel" line for icon theme:  "/usr/share/icons/Numix/24/panel/"
2018-03-31 22:11:11.103 (0x7ffef4596de0) Warning: Invalid Context= "Notifications" line for icon theme:  "/usr/share/icons/Numix/48/notifications/"
2018-03-31 22:20:44.239 (0x7fff3bf54400) Warning: Invalid Context= "Panel" line for icon theme:  "/usr/share/icons/Numix-Circle-Light/16/panel/"
2018-03-31 22:20:44.239 (0x7fff3bf54400) Warning: Invalid Context= "Panel" line for icon theme:  "/usr/share/icons/Numix-Circle-Light/16@2x/panel/"
2018-03-31 22:20:44.239 (0x7fff3bf54400) Warning: Invalid Context= "Panel" line for icon theme:  "/usr/share/icons/Numix-Circle-Light/22/panel/"
2018-03-31 22:20:44.239 (0x7fff3bf54400) Warning: Invalid Context= "Panel" line for icon theme:  "/usr/share/icons/Numix-Circle-Light/22@2x/panel/"
2018-03-31 22:20:44.239 (0x7fff3bf54400) Warning: Invalid Context= "Panel" line for icon theme:  "/usr/share/icons/Numix-Circle-Light/24/panel/"
2018-03-31 22:20:44.239 (0x7fff3bf54400) Warning: Invalid Context= "Panel" line for icon theme:  "/usr/share/icons/Numix-Circle-Light/24@2x/panel/"
2018-03-31 22:20:44.239 (0x7fff3bf54400) Warning: Invalid Context= "Panel" line for icon theme:  "/usr/share/icons/Numix-Light/16/panel/"
2018-03-31 22:20:44.239 (0x7fff3bf54400) Warning: Invalid Context= "Panel" line for icon theme:  "/usr/share/icons/Numix-Light/22/panel/"
2018-03-31 22:20:44.239 (0x7fff3bf54400) Warning: Invalid Context= "Panel" line for icon theme:  "/usr/share/icons/Numix-Light/24/panel/"
2018-03-31 22:20:44.240 (0x7fff3bf54400) Warning: Invalid Context= "Panel" line for icon theme:  "/usr/share/icons/Numix/16/panel/"
2018-03-31 22:20:44.240 (0x7fff3bf54400) Warning: Invalid Context= "Panel" line for icon theme:  "/usr/share/icons/Numix/22/panel/"
2018-03-31 22:20:44.240 (0x7fff3bf54400) Warning: Invalid Context= "Panel" line for icon theme:  "/usr/share/icons/Numix/24/panel/"
2018-03-31 22:20:44.241 (0x7fff3bf54400) Warning: Invalid Context= "Notifications" line for icon theme:  "/usr/share/icons/Numix/48/notifications/"
2018-03-31 22:20:44.248 (0x7fff3bf54400) Warning: QFSFileEngine::open: No file name specified
2018-03-31 22:20:44.248 (0x7fff3bf54400) Warning: QFSFileEngine::open: No file name specified
2018-03-31 22:20:44.248 (0x7fff3bf54400) Warning: QFSFileEngine::open: No file name specified
2018-03-31 22:20:44.248 (0x7fff3bf54400) Warning: QFSFileEngine::open: No file name specified
2018-03-31 22:20:44.248 (0x7fff3bf54400) Warning: QFSFileEngine::open: No file name specified
2018-03-31 22:20:44.248 (0x7fff3bf54400) Warning: QFSFileEngine::open: No file name specified
2018-03-31 22:20:44.248 (0x7fff3bf54400) Warning: QFSFileEngine::open: No file name specified
2018-03-31 22:20:44.248 (0x7fff3bf54400) Warning: QFSFileEngine::open: No file name specified
2018-03-31 22:20:44.405 (0x7fff3bf54400) Warning: link SVGCleanerId_0 hasn't been detected!
2018-03-31 22:20:44.405 (0x7fff3bf54400) Warning: link SVGCleanerId_0 hasn't been detected!
2018-03-31 22:20:44.405 (0x7fff3bf54400) Warning: link SVGCleanerId_0 hasn't been detected!
2018-03-31 22:20:44.415 (0x7fff3bf54400) Warning: link SVGCleanerId_0 hasn't been detected!
2018-03-31 22:20:44.416 (0x7fff3bf54400) Warning: link SVGCleanerId_0 hasn't been detected!
2018-03-31 22:20:44.416 (0x7fff3bf54400) Warning: link SVGCleanerId_0 hasn't been detected!
2018-03-31 22:20:44.416 (0x7fff3bf54400) Warning: link SVGCleanerId_0 hasn't been detected!
2018-03-31 22:20:44.417 (0x7fff3bf54400) Warning: link SVGCleanerId_0 hasn't been detected!
2018-03-31 22:20:44.417 (0x7fff3bf54400) Warning: link SVGCleanerId_0 hasn't been detected!
2018-03-31 22:20:47.552 (0x7ffe18e2a020) Warning: Invalid Context= "Panel" line for icon theme:  "/usr/share/icons/Numix-Circle-Light/16/panel/"
2018-03-31 22:20:47.552 (0x7ffe18e2a020) Warning: Invalid Context= "Panel" line for icon theme:  "/usr/share/icons/Numix-Circle-Light/16@2x/panel/"
2018-03-31 22:20:47.552 (0x7ffe18e2a020) Warning: Invalid Context= "Panel" line for icon theme:  "/usr/share/icons/Numix-Circle-Light/22/panel/"
2018-03-31 22:20:47.552 (0x7ffe18e2a020) Warning: Invalid Context= "Panel" line for icon theme:  "/usr/share/icons/Numix-Circle-Light/22@2x/panel/"
2018-03-31 22:20:47.552 (0x7ffe18e2a020) Warning: Invalid Context= "Panel" line for icon theme:  "/usr/share/icons/Numix-Circle-Light/24/panel/"
2018-03-31 22:20:47.552 (0x7ffe18e2a020) Warning: Invalid Context= "Panel" line for icon theme:  "/usr/share/icons/Numix-Circle-Light/24@2x/panel/"
2018-03-31 22:20:47.553 (0x7ffe18e2a020) Warning: Invalid Context= "Panel" line for icon theme:  "/usr/share/icons/Numix-Light/16/panel/"
2018-03-31 22:20:47.553 (0x7ffe18e2a020) Warning: Invalid Context= "Panel" line for icon theme:  "/usr/share/icons/Numix-Light/22/panel/"
2018-03-31 22:20:47.553 (0x7ffe18e2a020) Warning: Invalid Context= "Panel" line for icon theme:  "/usr/share/icons/Numix-Light/24/panel/"
2018-03-31 22:20:47.554 (0x7ffe18e2a020) Warning: Invalid Context= "Panel" line for icon theme:  "/usr/share/icons/Numix/16/panel/"
2018-03-31 22:20:47.554 (0x7ffe18e2a020) Warning: Invalid Context= "Panel" line for icon theme:  "/usr/share/icons/Numix/22/panel/"
2018-03-31 22:20:47.554 (0x7ffe18e2a020) Warning: Invalid Context= "Panel" line for icon theme:  "/usr/share/icons/Numix/24/panel/"
2018-03-31 22:20:47.554 (0x7ffe18e2a020) Warning: Invalid Context= "Notifications" line for icon theme:  "/usr/share/icons/Numix/48/notifications/"
2018-03-31 22:20:48.332 (0x7ffe18e2a020) Warning: link SVGCleanerId_0 hasn't been detected!
2018-03-31 22:20:48.332 (0x7ffe18e2a020) Warning: link SVGCleanerId_0 hasn't been detected!
2018-03-31 22:20:48.332 (0x7ffe18e2a020) Warning: link SVGCleanerId_0 hasn't been detected!
2018-03-31 22:20:59.269 (0x7ffd773ca400) Warning: Invalid Context= "Panel" line for icon theme:  "/usr/share/icons/Numix-Circle-Light/16/panel/"
2018-03-31 22:20:59.269 (0x7ffd773ca400) Warning: Invalid Context= "Panel" line for icon theme:  "/usr/share/icons/Numix-Circle-Light/16@2x/panel/"
2018-03-31 22:20:59.269 (0x7ffd773ca400) Warning: Invalid Context= "Panel" line for icon theme:  "/usr/share/icons/Numix-Circle-Light/22/panel/"
2018-03-31 22:20:59.269 (0x7ffd773ca400) Warning: Invalid Context= "Panel" line for icon theme:  "/usr/share/icons/Numix-Circle-Light/22@2x/panel/"
2018-03-31 22:20:59.269 (0x7ffd773ca400) Warning: Invalid Context= "Panel" line for icon theme:  "/usr/share/icons/Numix-Circle-Light/24/panel/"
2018-03-31 22:20:59.269 (0x7ffd773ca400) Warning: Invalid Context= "Panel" line for icon theme:  "/usr/share/icons/Numix-Circle-Light/24@2x/panel/"
2018-03-31 22:20:59.269 (0x7ffd773ca400) Warning: Invalid Context= "Panel" line for icon theme:  "/usr/share/icons/Numix-Light/16/panel/"
2018-03-31 22:20:59.269 (0x7ffd773ca400) Warning: Invalid Context= "Panel" line for icon theme:  "/usr/share/icons/Numix-Light/22/panel/"
2018-03-31 22:20:59.269 (0x7ffd773ca400) Warning: Invalid Context= "Panel" line for icon theme:  "/usr/share/icons/Numix-Light/24/panel/"
2018-03-31 22:20:59.270 (0x7ffd773ca400) Warning: Invalid Context= "Panel" line for icon theme:  "/usr/share/icons/Numix/16/panel/"
2018-03-31 22:20:59.270 (0x7ffd773ca400) Warning: Invalid Context= "Panel" line for icon theme:  "/usr/share/icons/Numix/22/panel/"
2018-03-31 22:20:59.270 (0x7ffd773ca400) Warning: Invalid Context= "Panel" line for icon theme:  "/usr/share/icons/Numix/24/panel/"
2018-03-31 22:20:59.270 (0x7ffd773ca400) Warning: Invalid Context= "Notifications" line for icon theme:  "/usr/share/icons/Numix/48/notifications/"
2018-03-31 22:21:09.673 (0x7ffdc4afdeb0) Warning: Invalid Context= "Panel" line for icon theme:  "/usr/share/icons/Numix-Circle-Light/16/panel/"
2018-03-31 22:21:09.673 (0x7ffdc4afdeb0) Warning: Invalid Context= "Panel" line for icon theme:  "/usr/share/icons/Numix-Circle-Light/16@2x/panel/"
2018-03-31 22:21:09.673 (0x7ffdc4afdeb0) Warning: Invalid Context= "Panel" line for icon theme:  "/usr/share/icons/Numix-Circle-Light/22/panel/"
2018-03-31 22:21:09.674 (0x7ffdc4afdeb0) Warning: Invalid Context= "Panel" line for icon theme:  "/usr/share/icons/Numix-Circle-Light/22@2x/panel/"
2018-03-31 22:21:09.674 (0x7ffdc4afdeb0) Warning: Invalid Context= "Panel" line for icon theme:  "/usr/share/icons/Numix-Circle-Light/24/panel/"
2018-03-31 22:21:09.674 (0x7ffdc4afdeb0) Warning: Invalid Context= "Panel" line for icon theme:  "/usr/share/icons/Numix-Circle-Light/24@2x/panel/"
2018-03-31 22:21:09.674 (0x7ffdc4afdeb0) Warning: Invalid Context= "Panel" line for icon theme:  "/usr/share/icons/Numix-Light/16/panel/"
2018-03-31 22:21:09.675 (0x7ffdc4afdeb0) Warning: Invalid Context= "Panel" line for icon theme:  "/usr/share/icons/Numix-Light/22/panel/"
2018-03-31 22:21:09.675 (0x7ffdc4afdeb0) Warning: Invalid Context= "Panel" line for icon theme:  "/usr/share/icons/Numix-Light/24/panel/"
2018-03-31 22:21:09.676 (0x7ffdc4afdeb0) Warning: Invalid Context= "Panel" line for icon theme:  "/usr/share/icons/Numix/16/panel/"
2018-03-31 22:21:09.676 (0x7ffdc4afdeb0) Warning: Invalid Context= "Panel" line for icon theme:  "/usr/share/icons/Numix/22/panel/"
2018-03-31 22:21:09.677 (0x7ffdc4afdeb0) Warning: Invalid Context= "Panel" line for icon theme:  "/usr/share/icons/Numix/24/panel/"
2018-03-31 22:21:09.677 (0x7ffdc4afdeb0) Warning: Invalid Context= "Notifications" line for icon theme:  "/usr/share/icons/Numix/48/notifications/"
2018-03-31 22:46:26.172 (0x7ffe8fcbe400) Warning: Invalid Context= "Panel" line for icon theme:  "/usr/share/icons/Numix-Circle-Light/16/panel/"
2018-03-31 22:46:26.172 (0x7ffe8fcbe400) Warning: Invalid Context= "Panel" line for icon theme:  "/usr/share/icons/Numix-Circle-Light/16@2x/panel/"
2018-03-31 22:46:26.172 (0x7ffe8fcbe400) Warning: Invalid Context= "Panel" line for icon theme:  "/usr/share/icons/Numix-Circle-Light/22/panel/"
2018-03-31 22:46:26.172 (0x7ffe8fcbe400) Warning: Invalid Context= "Panel" line for icon theme:  "/usr/share/icons/Numix-Circle-Light/22@2x/panel/"
2018-03-31 22:46:26.172 (0x7ffe8fcbe400) Warning: Invalid Context= "Panel" line for icon theme:  "/usr/share/icons/Numix-Circle-Light/24/panel/"
2018-03-31 22:46:26.172 (0x7ffe8fcbe400) Warning: Invalid Context= "Panel" line for icon theme:  "/usr/share/icons/Numix-Circle-Light/24@2x/panel/"
2018-03-31 22:46:26.172 (0x7ffe8fcbe400) Warning: Invalid Context= "Panel" line for icon theme:  "/usr/share/icons/Numix-Light/16/panel/"
2018-03-31 22:46:26.172 (0x7ffe8fcbe400) Warning: Invalid Context= "Panel" line for icon theme:  "/usr/share/icons/Numix-Light/22/panel/"
2018-03-31 22:46:26.172 (0x7ffe8fcbe400) Warning: Invalid Context= "Panel" line for icon theme:  "/usr/share/icons/Numix-Light/24/panel/"
2018-03-31 22:46:26.174 (0x7ffe8fcbe400) Warning: Invalid Context= "Panel" line for icon theme:  "/usr/share/icons/Numix/16/panel/"
2018-03-31 22:46:26.174 (0x7ffe8fcbe400) Warning: Invalid Context= "Panel" line for icon theme:  "/usr/share/icons/Numix/22/panel/"
2018-03-31 22:46:26.174 (0x7ffe8fcbe400) Warning: Invalid Context= "Panel" line for icon theme:  "/usr/share/icons/Numix/24/panel/"
2018-03-31 22:46:26.174 (0x7ffe8fcbe400) Warning: Invalid Context= "Notifications" line for icon theme:  "/usr/share/icons/Numix/48/notifications/"
2018-03-31 22:46:26.187 (0x7ffe8fcbe400) Warning: QFSFileEngine::open: No file name specified
2018-03-31 22:46:26.187 (0x7ffe8fcbe400) Warning: QFSFileEngine::open: No file name specified
2018-03-31 22:46:26.187 (0x7ffe8fcbe400) Warning: QFSFileEngine::open: No file name specified
2018-03-31 22:46:26.187 (0x7ffe8fcbe400) Warning: QFSFileEngine::open: No file name specified
2018-03-31 22:46:26.187 (0x7ffe8fcbe400) Warning: QFSFileEngine::open: No file name specified
2018-03-31 22:46:26.187 (0x7ffe8fcbe400) Warning: QFSFileEngine::open: No file name specified
2018-03-31 22:46:26.187 (0x7ffe8fcbe400) Warning: QFSFileEngine::open: No file name specified
2018-03-31 22:46:26.187 (0x7ffe8fcbe400) Warning: QFSFileEngine::open: No file name specified
2018-03-31 22:46:26.424 (0x7ffe8fcbe400) Warning: link SVGCleanerId_0 hasn't been detected!
2018-03-31 22:46:26.424 (0x7ffe8fcbe400) Warning: link SVGCleanerId_0 hasn't been detected!
2018-03-31 22:46:26.424 (0x7ffe8fcbe400) Warning: link SVGCleanerId_0 hasn't been detected!
2018-03-31 22:46:26.435 (0x7ffe8fcbe400) Warning: link SVGCleanerId_0 hasn't been detected!
2018-03-31 22:46:26.436 (0x7ffe8fcbe400) Warning: link SVGCleanerId_0 hasn't been detected!
2018-03-31 22:46:26.436 (0x7ffe8fcbe400) Warning: link SVGCleanerId_0 hasn't been detected!
2018-03-31 22:46:26.436 (0x7ffe8fcbe400) Warning: link SVGCleanerId_0 hasn't been detected!
2018-03-31 22:46:26.437 (0x7ffe8fcbe400) Warning: link SVGCleanerId_0 hasn't been detected!
2018-03-31 22:46:26.437 (0x7ffe8fcbe400) Warning: link SVGCleanerId_0 hasn't been detected!
2018-03-31 22:46:28.057 (0x7ffd6f094ea0) Warning: Invalid Context= "Panel" line for icon theme:  "/usr/share/icons/Numix-Circle-Light/16/panel/"
2018-03-31 22:46:28.057 (0x7ffd6f094ea0) Warning: Invalid Context= "Panel" line for icon theme:  "/usr/share/icons/Numix-Circle-Light/16@2x/panel/"
2018-03-31 22:46:28.057 (0x7ffd6f094ea0) Warning: Invalid Context= "Panel" line for icon theme:  "/usr/share/icons/Numix-Circle-Light/22/panel/"
2018-03-31 22:46:28.057 (0x7ffd6f094ea0) Warning: Invalid Context= "Panel" line for icon theme:  "/usr/share/icons/Numix-Circle-Light/22@2x/panel/"
2018-03-31 22:46:28.057 (0x7ffd6f094ea0) Warning: Invalid Context= "Panel" line for icon theme:  "/usr/share/icons/Numix-Circle-Light/24/panel/"
2018-03-31 22:46:28.057 (0x7ffd6f094ea0) Warning: Invalid Context= "Panel" line for icon theme:  "/usr/share/icons/Numix-Circle-Light/24@2x/panel/"
2018-03-31 22:46:28.058 (0x7ffd6f094ea0) Warning: Invalid Context= "Panel" line for icon theme:  "/usr/share/icons/Numix-Light/16/panel/"
2018-03-31 22:46:28.058 (0x7ffd6f094ea0) Warning: Invalid Context= "Panel" line for icon theme:  "/usr/share/icons/Numix-Light/22/panel/"
2018-03-31 22:46:28.058 (0x7ffd6f094ea0) Warning: Invalid Context= "Panel" line for icon theme:  "/usr/share/icons/Numix-Light/24/panel/"
2018-03-31 22:46:28.059 (0x7ffd6f094ea0) Warning: Invalid Context= "Panel" line for icon theme:  "/usr/share/icons/Numix/16/panel/"
2018-03-31 22:46:28.059 (0x7ffd6f094ea0) Warning: Invalid Context= "Panel" line for icon theme:  "/usr/share/icons/Numix/22/panel/"
2018-03-31 22:46:28.059 (0x7ffd6f094ea0) Warning: Invalid Context= "Panel" line for icon theme:  "/usr/share/icons/Numix/24/panel/"
2018-03-31 22:46:28.059 (0x7ffd6f094ea0) Warning: Invalid Context= "Notifications" line for icon theme:  "/usr/share/icons/Numix/48/notifications/"
